Performing C SOURCE FILE Test CMAKE_HAVE_LIBC_PTHREAD failed with the following output:
Change Dir: /ethminer_xilinx/CMakeFiles/CMakeTmp

Run Build Command(s):/usr/bin/gmake cmTC_66d39/fast && /usr/bin/gmake -f CMakeFiles/cmTC_66d39.dir/build.make CMakeFiles/cmTC_66d39.dir/build
gmake[1]: Entering directory '/ethminer_xilinx/CMakeFiles/CMakeTmp'
Building C object CMakeFiles/cmTC_66d39.dir/src.c.o
/usr/bin/cc   -DCMAKE_HAVE_LIBC_PTHREAD   -o CMakeFiles/cmTC_66d39.dir/src.c.o   -c /ethminer_xilinx/CMakeFiles/CMakeTmp/src.c
Linking C executable cmTC_66d39
/usr/bin/cmake -E cmake_link_script CMakeFiles/cmTC_66d39.dir/link.txt --verbose=1
/usr/bin/cc  -DCMAKE_HAVE_LIBC_PTHREAD    CMakeFiles/cmTC_66d39.dir/src.c.o  -o cmTC_66d39 
/usr/bin/ld: CMakeFiles/cmTC_66d39.dir/src.c.o: in function `main':
src.c:(.text+0x46): undefined reference to `pthread_create'
/usr/bin/ld: src.c:(.text+0x52): undefined reference to `pthread_detach'
/usr/bin/ld: src.c:(.text+0x63): undefined reference to `pthread_join'
collect2: error: ld returned 1 exit status
gmake[1]: *** [CMakeFiles/cmTC_66d39.dir/build.make:87: cmTC_66d39] Error 1
gmake[1]: Leaving directory '/ethminer_xilinx/CMakeFiles/CMakeTmp'
gmake: *** [Makefile:121: cmTC_66d39/fast] Error 2


Source file was:
#include <pthread.h>

void* test_func(void* data)
{
  return data;
}

int main(void)
{
  pthread_t thread;
  pthread_create(&thread, NULL, test_func, NULL);
  pthread_detach(thread);
  pthread_join(thread, NULL);
  pthread_atfork(NULL, NULL, NULL);
  pthread_exit(NULL);

  return 0;
}

Determining if the function pthread_create exists in the pthreads failed with the following output:
Change Dir: /ethminer_xilinx/CMakeFiles/CMakeTmp

Run Build Command(s):/usr/bin/gmake cmTC_3dc05/fast && /usr/bin/gmake -f CMakeFiles/cmTC_3dc05.dir/build.make CMakeFiles/cmTC_3dc05.dir/build
gmake[1]: Entering directory '/ethminer_xilinx/CMakeFiles/CMakeTmp'
Building C object CMakeFiles/cmTC_3dc05.dir/CheckFunctionExists.c.o
/usr/bin/cc   -DCHECK_FUNCTION_EXISTS=pthread_create   -o CMakeFiles/cmTC_3dc05.dir/CheckFunctionExists.c.o   -c /usr/share/cmake-3.16/Modules/CheckFunctionExists.c
Linking C executable cmTC_3dc05
/usr/bin/cmake -E cmake_link_script CMakeFiles/cmTC_3dc05.dir/link.txt --verbose=1
/usr/bin/cc  -DCHECK_FUNCTION_EXISTS=pthread_create    CMakeFiles/cmTC_3dc05.dir/CheckFunctionExists.c.o  -o cmTC_3dc05  -lpthreads 
/usr/bin/ld: cannot find -lpthreads
collect2: error: ld returned 1 exit status
gmake[1]: *** [CMakeFiles/cmTC_3dc05.dir/build.make:87: cmTC_3dc05] Error 1
gmake[1]: Leaving directory '/ethminer_xilinx/CMakeFiles/CMakeTmp'
gmake: *** [Makefile:121: cmTC_3dc05/fast] Error 2



